  common.cpp
  devices.cpp
d:\fun\signalproc\sdrplay\softsyst\rsp2_tcp\rsp_tcp\devices.h(57): warning C4267: 'return': conversion from 'size_t' to 'int', possible loss of data
  IPAddress.cpp
  mir_sdr_device.cpp
mir_sdr_device.cpp(79): warning C4101: 'err': unreferenced local variable
mir_sdr_device.cpp(250): warning C4244: 'argument': conversion from 'SOCKET' to 'int', possible loss of data
mir_sdr_device.cpp(258): warning C4244: '=': conversion from 'double' to 'int', possible loss of data
mir_sdr_device.cpp(615): warning C4244: 'argument': conversion from 'float' to 'DWORD', possible loss of data
mir_sdr_device.cpp(763): warning C4244: 'argument': conversion from 'float' to 'DWORD', possible loss of data
  rsp_cmdLineArgs.cpp
rsp_cmdLineArgs.cpp(35): warning C4267: 'initializing': conversion from 'size_t' to 'int', possible loss of data
  rsp_tcp.cpp
d:\fun\signalproc\sdrplay\softsyst\rsp2_tcp\rsp_tcp\devices.h(57): warning C4267: 'return': conversion from 'size_t' to 'int', possible loss of data
  sdrGainTable.cpp
  Generating code
  All 1312 functions were compiled because no usable IPDB/IOBJ from previous compilation was found.
  Finished generating code
  rsp_tcp.vcxproj -> D:\fun\signalProc\sdrplay\softsyst\RSP2_tcp\x64\Release\RSP2_tcp.exe
  rsp_tcp.vcxproj -> D:\fun\signalProc\sdrplay\softsyst\RSP2_tcp\x64\Release\RSP2_tcp.pdb (Full PDB)
  .\lib64\mir_sdr_api.dll
  .\lib64\msvcr100.dll
  .\lib64\pthreadVC2.dll
  3 File(s) copied
